!SESSION 2011-06-09 13:44:46.576 -----------------------------------------------
eclipse.buildId=unknown
java.version=1.6.0_17
java.vendor=Sun Microsystems Inc.
BootLoader constants: OS=linux, ARCH=x86, WS=gtk, NL=en_US

!ENTRY org.eclipse.osgi 0 0 2011-06-09 13:44:46.577
!MESSAGE The -clean (osgi.clean) option was not successful. Unable to clean the storage area: /opt/tomcat6.0/webapps/birt-viewer/WEB-INF/platform/configuration/org.eclipse.osgi

!ENTRY org.eclipse.update.configurator 4 0 2011-06-09 13:44:48.562
!MESSAGE Could not install bundle plugins/org.eclipse.birt.report.engine.emitter.pdf_2.6.0.v20100513.jar   Bundle "org.eclipse.birt.report.engine.emitter.pdf" version "2.6.0.v20100513" has already been installed from: update@plugins/org.eclipse.birt.report.engine.emitter.pdf_2.6.0.v20100513/

!ENTRY org.eclipse.update.configurator 4 0 2011-06-09 13:44:48.912
!MESSAGE Could not install bundle plugins/org.apache.batik.pdf_1.6.0.v200806031500/   Bundle "org.apache.batik.pdf" version "1.6.0.v200806031500" has already been installed from: update@plugins/org.apache.batik.pdf_1.6.0.v200806031500.jar

!ENTRY org.eclipse.osgi 4 0 2011-06-09 13:44:51.058
!MESSAGE 
!STACK 0
java.io.IOException: No such file or directory
	at java.io.UnixFileSystem.createFileExclusively(Native Method)
	at java.io.File.checkAndCreate(File.java:1716)
	at java.io.File.createTempFile(File.java:1804)
	at org.eclipse.osgi.internal.baseadaptor.BaseStorage.saveStateData(BaseStorage.java:607)
	at org.eclipse.osgi.internal.baseadaptor.BaseStorage.saveAllData(BaseStorage.java:440)
	at org.eclipse.osgi.internal.baseadaptor.BaseStorage.access$1(BaseStorage.java:427)
	at org.eclipse.osgi.internal.baseadaptor.BaseStorage$StateSaver.run(BaseStorage.java:1219)
	at java.lang.Thread.run(Thread.java:636)
