!SESSION 2011-06-03 18:11:24.976 -----------------------------------------------
eclipse.buildId=unknown
java.version=1.6.0_17
java.vendor=Sun Microsystems Inc.
BootLoader constants: OS=linux, ARCH=x86, WS=gtk, NL=en_US

!ENTRY org.eclipse.update.configurator 4 0 2011-06-03 18:11:24.976
!MESSAGE Plugin does not have a valid identifier: plugins/org.eclipse.birt.report.data.oda.sampledb_2.6.0.v20100524/

!ENTRY org.eclipse.update.configurator 4 0 2011-06-03 18:11:24.976
!MESSAGE Plugin does not have a valid version: plugins/org.eclipse.birt.report.data.oda.sampledb_2.6.0.v20100524/

!ENTRY org.eclipse.update.configurator 4 0 2011-06-03 18:11:24.981
!MESSAGE Plugin does not have a valid identifier: plugins/org.eclipse.birt.report.engine.emitter.pdf_2.6.0.v20100513/

!ENTRY org.eclipse.update.configurator 4 0 2011-06-03 18:11:24.981
!MESSAGE Plugin does not have a valid version: plugins/org.eclipse.birt.report.engine.emitter.pdf_2.6.0.v20100513/

!ENTRY org.eclipse.update.configurator 4 0 2011-06-03 18:11:25.005
!MESSAGE Plugin does not have a valid identifier: plugins/org.eclipse.birt.report.data.oda.jdbc_2.6.0.v20100524/

!ENTRY org.eclipse.update.configurator 4 0 2011-06-03 18:11:25.005
!MESSAGE Plugin does not have a valid version: plugins/org.eclipse.birt.report.data.oda.jdbc_2.6.0.v20100524/

!ENTRY org.eclipse.update.configurator 4 0 2011-06-03 18:11:25.006
!MESSAGE Plugin does not have a valid identifier: plugins/org.apache.derby.core_10.5.1.1_v20100129/

!ENTRY org.eclipse.update.configurator 4 0 2011-06-03 18:11:25.006
!MESSAGE Plugin does not have a valid version: plugins/org.apache.derby.core_10.5.1.1_v20100129/

!ENTRY org.eclipse.update.configurator 4 0 2011-06-03 18:11:25.852
!MESSAGE Could not install bundle plugins/org.eclipse.birt.report.engine.emitter.pdf_2.6.0.v20100513.jar   Bundle "org.eclipse.birt.report.engine.emitter.pdf" version "2.6.0.v20100513" has already been installed from: update@plugins/org.eclipse.birt.report.engine.emitter.pdf_2.6.0.v20100513/
