!SESSION 2011-06-09 13:44:44.415 -----------------------------------------------
eclipse.buildId=unknown
java.version=1.6.0_17
java.vendor=Sun Microsystems Inc.
BootLoader constants: OS=linux, ARCH=x86, WS=gtk, NL=en_US

!ENTRY org.eclipse.update.configurator 4 0 2011-06-09 13:44:44.415
!MESSAGE Could not install bundle plugins/org.eclipse.birt.report.engine.emitter.pdf_2.6.0.v20100513.jar   Bundle "org.eclipse.birt.report.engine.emitter.pdf" version "2.6.0.v20100513" has already been installed from: update@plugins/org.eclipse.birt.report.engine.emitter.pdf_2.6.0.v20100513/

!ENTRY org.eclipse.update.configurator 4 0 2011-06-09 13:44:44.985
!MESSAGE Could not install bundle plugins/org.apache.batik.pdf_1.6.0.v200806031500/   Bundle "org.apache.batik.pdf" version "1.6.0.v200806031500" has already been installed from: update@plugins/org.apache.batik.pdf_1.6.0.v200806031500.jar

!ENTRY org.eclipse.osgi 4 0 2011-06-09 13:44:46.597
!MESSAGE 
!STACK 0
java.io.FileNotFoundException: /opt/tomcat6.0/webapps/birt-viewer/WEB-INF/platform/configuration/org.eclipse.osgi/.manager/.fileTableLock (No such file or directory)
	at java.io.RandomAccessFile.open(Native Method)
	at java.io.RandomAccessFile.<init>(RandomAccessFile.java:233)
	at org.eclipse.core.runtime.internal.adaptor.Locker_JavaNio.lock(Locker_JavaNio.java:33)
	at org.eclipse.osgi.storagemanager.StorageManager.lock(StorageManager.java:387)
	at org.eclipse.osgi.storagemanager.StorageManager.add(StorageManager.java:219)
	at org.eclipse.osgi.storagemanager.StorageManager.closeOutputStream(StorageManager.java:885)
	at org.eclipse.osgi.storagemanager.ManagedOutputStream.close(ManagedOutputStream.java:52)
	at java.io.FilterOutputStream.close(FilterOutputStream.java:160)
	at java.io.FilterOutputStream.close(FilterOutputStream.java:160)
	at org.eclipse.osgi.internal.baseadaptor.BaseStorage.saveBundleDatas(BaseStorage.java:576)
	at org.eclipse.osgi.internal.baseadaptor.BaseStorage.saveAllData(BaseStorage.java:439)
	at org.eclipse.osgi.internal.baseadaptor.BaseStorage.access$1(BaseStorage.java:427)
	at org.eclipse.osgi.internal.baseadaptor.BaseStorage$StateSaver.run(BaseStorage.java:1219)
	at java.lang.Thread.run(Thread.java:636)
