!SESSION 2011-06-09 13:44:49.418 -----------------------------------------------
eclipse.buildId=unknown
java.version=1.6.0_17
java.vendor=Sun Microsystems Inc.
BootLoader constants: OS=linux, ARCH=x86, WS=gtk, NL=en_US

!ENTRY org.eclipse.update.configurator 4 0 2011-06-09 13:44:49.418
!MESSAGE Could not install bundle plugins/org.eclipse.birt.report.engine.emitter.pdf_2.6.0.v20100513.jar   Bundle "org.eclipse.birt.report.engine.emitter.pdf" version "2.6.0.v20100513" has already been installed from: update@plugins/org.eclipse.birt.report.engine.emitter.pdf_2.6.0.v20100513/

!ENTRY org.eclipse.update.configurator 4 0 2011-06-09 13:44:49.504
!MESSAGE Could not install bundle plugins/org.apache.batik.pdf_1.6.0.v200806031500/   Bundle "org.apache.batik.pdf" version "1.6.0.v200806031500" has already been installed from: update@plugins/org.apache.batik.pdf_1.6.0.v200806031500.jar

!ENTRY org.eclipse.osgi 4 0 2011-06-09 13:44:51.435
!MESSAGE 
!STACK 0
java.io.IOException: File update failed on one or more files.
	at org.eclipse.osgi.storagemanager.StorageManager.update(StorageManager.java:307)
	at org.eclipse.osgi.storagemanager.StorageManager.closeOutputStream(StorageManager.java:886)
	at org.eclipse.osgi.storagemanager.ManagedOutputStream.close(ManagedOutputStream.java:52)
	at java.io.FilterOutputStream.close(FilterOutputStream.java:160)
	at java.io.FilterOutputStream.close(FilterOutputStream.java:160)
	at org.eclipse.osgi.internal.baseadaptor.BaseStorage.saveBundleDatas(BaseStorage.java:576)
	at org.eclipse.osgi.internal.baseadaptor.BaseStorage.saveAllData(BaseStorage.java:439)
	at org.eclipse.osgi.internal.baseadaptor.BaseStorage.access$1(BaseStorage.java:427)
	at org.eclipse.osgi.internal.baseadaptor.BaseStorage$StateSaver.run(BaseStorage.java:1219)
	at java.lang.Thread.run(Thread.java:636)
