!SESSION 2013-04-10 14:46:01.536 -----------------------------------------------
eclipse.buildId=unknown
java.version=1.6.0_24
java.vendor=Sun Microsystems Inc.
BootLoader constants: OS=linux, ARCH=x86, WS=gtk, NL=en_US

!ENTRY org.eclipse.update.configurator 4 0 2013-04-10 14:46:01.537
!MESSAGE Could not rename configuration temp file

!ENTRY org.eclipse.update.configurator 4 0 2013-04-10 14:46:01.538
!MESSAGE Unable to save configuration file "/opt/tomcat6.0/webapps/birt-viewer/WEB-INF/platform/configuration/org.eclipse.update/platform.xml.tmp"
!STACK 0
java.io.IOException: Unable to save configuration file "/opt/tomcat6.0/webapps/birt-viewer/WEB-INF/platform/configuration/org.eclipse.update/platform.xml.tmp"
	at org.eclipse.update.internal.configurator.PlatformConfiguration.save(PlatformConfiguration.java:690)
	at org.eclipse.update.internal.configurator.PlatformConfiguration.save(PlatformConfiguration.java:574)
	at org.eclipse.update.internal.configurator.PlatformConfiguration.startup(PlatformConfiguration.java:714)
	at org.eclipse.update.internal.configurator.ConfigurationActivator.getPlatformConfiguration(ConfigurationActivator.java:404)
	at org.eclipse.update.internal.configurator.ConfigurationActivator.initialize(ConfigurationActivator.java:136)
	at org.eclipse.update.internal.configurator.ConfigurationActivator.start(ConfigurationActivator.java:69)
	at org.eclipse.osgi.framework.internal.core.BundleContextImpl$1.run(BundleContextImpl.java:783)
	at java.security.AccessController.doPrivileged(Native Method)
	at org.eclipse.osgi.framework.internal.core.BundleContextImpl.startActivator(BundleContextImpl.java:774)
	at org.eclipse.osgi.framework.internal.core.BundleContextImpl.start(BundleContextImpl.java:755)
	at org.eclipse.osgi.framework.internal.core.BundleHost.startWorker(BundleHost.java:370)
	at org.eclipse.osgi.framework.internal.core.AbstractBundle.resume(AbstractBundle.java:374)
	at org.eclipse.osgi.framework.internal.core.Framework.resumeBundle(Framework.java:1067)
	at org.eclipse.osgi.framework.internal.core.StartLevelManager.resumeBundles(StartLevelManager.java:561)
	at org.eclipse.osgi.framework.internal.core.StartLevelManager.resumeBundles(StartLevelManager.java:546)
	at org.eclipse.osgi.framework.internal.core.StartLevelManager.incFWSL(StartLevelManager.java:459)
	at org.eclipse.osgi.framework.internal.core.StartLevelManager.doSetStartLevel(StartLevelManager.java:243)
	at org.eclipse.osgi.framework.internal.core.StartLevelManager.dispatchEvent(StartLevelManager.java:440)
	at org.eclipse.osgi.framework.eventmgr.EventManager.dispatchEvent(EventManager.java:227)
	at org.eclipse.osgi.framework.eventmgr.EventManager$EventThread.run(EventManager.java:337)

!ENTRY org.eclipse.update.configurator 4 0 2013-04-10 14:46:02.727
!MESSAGE Could not install bundle plugins/org.eclipse.birt.report.engine.emitter.pdf_2.6.0.v20100513.jar   Bundle "org.eclipse.birt.report.engine.emitter.pdf" version "2.6.0.v20100513" has already been installed from: update@plugins/org.eclipse.birt.report.engine.emitter.pdf_2.6.0.v20100513/

!ENTRY org.eclipse.update.configurator 4 0 2013-04-10 14:46:02.921
!MESSAGE Could not install bundle plugins/org.apache.batik.pdf_1.6.0.v200806031500/   Bundle "org.apache.batik.pdf" version "1.6.0.v200806031500" has already been installed from: update@plugins/org.apache.batik.pdf_1.6.0.v200806031500.jar
