!SESSION 2013-10-15 10:42:50.928 -----------------------------------------------
eclipse.buildId=unknown
java.version=1.6.0_24
java.vendor=Sun Microsystems Inc.
BootLoader constants: OS=linux, ARCH=x86, WS=gtk, NL=en_US

!ENTRY org.eclipse.osgi 0 0 2013-10-15 10:42:50.928
!MESSAGE The -clean (osgi.clean) option was not successful. Unable to clean the storage area: /opt/tomcat6.0/webapps/birt-viewer/WEB-INF/platform/configuration/org.eclipse.osgi

!ENTRY org.eclipse.update.configurator 4 0 2013-10-15 10:42:51.454
!MESSAGE ConfigurationParser.parse() error:
!STACK 0
org.xml.sax.SAXParseException; lineNumber: 1; columnNumber: 1; Premature end of file.
	at com.sun.org.apache.xerces.internal.util.ErrorHandlerWrapper.createSAXParseException(ErrorHandlerWrapper.java:198)
	at com.sun.org.apache.xerces.internal.util.ErrorHandlerWrapper.fatalError(ErrorHandlerWrapper.java:177)
	at com.sun.org.apache.xerces.internal.impl.XMLErrorReporter.reportError(XMLErrorReporter.java:391)
	at com.sun.org.apache.xerces.internal.impl.XMLScanner.reportFatalError(XMLScanner.java:1404)
	at com.sun.org.apache.xerces.internal.impl.XMLDocumentScannerImpl$PrologDriver.next(XMLDocumentScannerImpl.java:1034)
	at com.sun.org.apache.xerces.internal.impl.XMLDocumentScannerImpl.next(XMLDocumentScannerImpl.java:625)
	at com.sun.org.apache.xerces.internal.impl.XMLNSDocumentScannerImpl.next(XMLNSDocumentScannerImpl.java:116)
	at com.sun.org.apache.xerces.internal.impl.XMLDocumentFragmentScannerImpl.scanDocument(XMLDocumentFragmentScannerImpl.java:488)
	at com.sun.org.apache.xerces.internal.parsers.XML11Configuration.parse(XML11Configuration.java:819)
	at com.sun.org.apache.xerces.internal.parsers.XML11Configuration.parse(XML11Configuration.java:748)
	at com.sun.org.apache.xerces.internal.parsers.XMLParser.parse(XMLParser.java:123)
	at com.sun.org.apache.xerces.internal.parsers.AbstractSAXParser.parse(AbstractSAXParser.java:1208)
	at com.sun.org.apache.xerces.internal.jaxp.SAXParserImpl$JAXPSAXParser.parse(SAXParserImpl.java:525)
	at javax.xml.parsers.SAXParser.parse(SAXParser.java:392)
	at org.eclipse.update.internal.configurator.ConfigurationParser.parse(ConfigurationParser.java:76)
	at org.eclipse.update.internal.configurator.PlatformConfiguration.loadConfig(PlatformConfiguration.java:1097)
	at org.eclipse.update.internal.configurator.PlatformConfiguration.initializeCurrent(PlatformConfiguration.java:752)
	at org.eclipse.update.internal.configurator.PlatformConfiguration.<init>(PlatformConfiguration.java:104)
	at org.eclipse.update.internal.configurator.PlatformConfiguration.startup(PlatformConfiguration.java:707)
	at org.eclipse.update.internal.configurator.ConfigurationActivator.getPlatformConfiguration(ConfigurationActivator.java:404)
	at org.eclipse.update.internal.configurator.ConfigurationActivator.initialize(ConfigurationActivator.java:136)
	at org.eclipse.update.internal.configurator.ConfigurationActivator.start(ConfigurationActivator.java:69)
	at org.eclipse.osgi.framework.internal.core.BundleContextImpl$1.run(BundleContextImpl.java:783)
	at java.security.AccessController.doPrivileged(Native Method)
	at org.eclipse.osgi.framework.internal.core.BundleContextImpl.startActivator(BundleContextImpl.java:774)
	at org.eclipse.osgi.framework.internal.core.BundleContextImpl.start(BundleContextImpl.java:755)
	at org.eclipse.osgi.framework.internal.core.BundleHost.startWorker(BundleHost.java:370)
	at org.eclipse.osgi.framework.internal.core.AbstractBundle.resume(AbstractBundle.java:374)
	at org.eclipse.osgi.framework.internal.core.Framework.resumeBundle(Framework.java:1067)
	at org.eclipse.osgi.framework.internal.core.StartLevelManager.resumeBundles(StartLevelManager.java:561)
	at org.eclipse.osgi.framework.internal.core.StartLevelManager.resumeBundles(StartLevelManager.java:546)
	at org.eclipse.osgi.framework.internal.core.StartLevelManager.incFWSL(StartLevelManager.java:459)
	at org.eclipse.osgi.framework.internal.core.StartLevelManager.doSetStartLevel(StartLevelManager.java:243)
	at org.eclipse.osgi.framework.internal.core.StartLevelManager.dispatchEvent(StartLevelManager.java:440)
	at org.eclipse.osgi.framework.eventmgr.EventManager.dispatchEvent(EventManager.java:227)
	at org.eclipse.osgi.framework.eventmgr.EventManager$EventThread.run(EventManager.java:337)

!ENTRY org.eclipse.update.configurator 4 0 2013-10-15 10:42:52.629
!MESSAGE Could not install bundle plugins/org.eclipse.birt.report.engine.emitter.pdf_2.6.0.v20100513.jar   Bundle "org.eclipse.birt.report.engine.emitter.pdf" version "2.6.0.v20100513" has already been installed from: update@plugins/org.eclipse.birt.report.engine.emitter.pdf_2.6.0.v20100513/

!ENTRY org.eclipse.update.configurator 4 0 2013-10-15 10:42:52.686
!MESSAGE Could not install bundle plugins/org.apache.batik.pdf_1.6.0.v200806031500/   Bundle "org.apache.batik.pdf" version "1.6.0.v200806031500" has already been installed from: update@plugins/org.apache.batik.pdf_1.6.0.v200806031500.jar
