!SESSION 2020-08-04 16:12:27.154 -----------------------------------------------
eclipse.buildId=unknown
java.version=1.8.0_252
java.vendor=Private Build
BootLoader constants: OS=linux, ARCH=x86_64, WS=gtk, NL=en

!ENTRY org.eclipse.osgi 0 0 2020-08-04 16:12:27.154
!MESSAGE The -clean (osgi.clean) option was not successful. Unable to clean the storage area: /opt/tomcat/webapps/birt-viewer/WEB-INF/platform/configuration/org.eclipse.osgi

!ENTRY org.eclipse.osgi 4 0 2020-08-04 16:12:27.160
!MESSAGE Error reading configuration: /opt/tomcat/webapps/birt-viewer/WEB-INF/platform/configuration/org.eclipse.osgi/.manager/.fileTableLock (Permission denied)
!STACK 0
java.io.FileNotFoundException: /opt/tomcat/webapps/birt-viewer/WEB-INF/platform/configuration/org.eclipse.osgi/.manager/.fileTableLock (Permission denied)
	at java.io.RandomAccessFile.open0(Native Method)
	at java.io.RandomAccessFile.open(RandomAccessFile.java:316)
	at java.io.RandomAccessFile.<init>(RandomAccessFile.java:243)
	at org.eclipse.core.runtime.internal.adaptor.Locker_JavaNio.lock(Locker_JavaNio.java:33)
	at org.eclipse.osgi.storagemanager.StorageManager.lock(StorageManager.java:387)
	at org.eclipse.osgi.storagemanager.StorageManager.open(StorageManager.java:688)
	at org.eclipse.osgi.internal.baseadaptor.BaseStorage.initFileManager(BaseStorage.java:213)
	at org.eclipse.osgi.internal.baseadaptor.BaseStorage.initialize(BaseStorage.java:147)
	at org.eclipse.osgi.baseadaptor.BaseAdaptor.initializeStorage(BaseAdaptor.java:114)
	at org.eclipse.osgi.framework.internal.core.Framework.initialize(Framework.java:185)
	at org.eclipse.osgi.framework.internal.core.Framework.<init>(Framework.java:157)
	at org.eclipse.core.runtime.adaptor.EclipseStarter.startup(EclipseStarter.java:286)
	at sun.reflect.NativeMethodAccessorImpl.invoke0(Native Method)
	at sun.reflect.NativeMethodAccessorImpl.invoke(NativeMethodAccessorImpl.java:62)
	at sun.reflect.DelegatingMethodAccessorImpl.invoke(DelegatingMethodAccessorImpl.java:43)
	at java.lang.reflect.Method.invoke(Method.java:498)
	at org.eclipse.birt.core.framework.osgi.OSGILauncher.doStartup(OSGILauncher.java:191)
	at org.eclipse.birt.core.framework.osgi.OSGILauncher.access$0(OSGILauncher.java:94)
	at org.eclipse.birt.core.framework.osgi.OSGILauncher$1.run(OSGILauncher.java:79)
	at java.security.AccessController.doPrivileged(Native Method)
	at org.eclipse.birt.core.framework.osgi.OSGILauncher.startup(OSGILauncher.java:75)
	at org.eclipse.birt.core.framework.Platform.startup(Platform.java:79)
	at org.eclipse.birt.report.service.ReportEngineService.setEngineContext(ReportEngineService.java:320)
	at org.eclipse.birt.report.service.BirtViewerReportService.setContext(BirtViewerReportService.java:1022)
	at org.eclipse.birt.report.servlet.ViewerServlet.__getContext(ViewerServlet.java:148)
	at org.eclipse.birt.report.servlet.BirtSoapMessageDispatcherServlet.doGet(BirtSoapMessageDispatcherServlet.java:151)
	at javax.servlet.http.HttpServlet.service(HttpServlet.java:621)
	at org.apache.axis.transport.http.AxisServletBase.service(AxisServletBase.java:327)
	at javax.servlet.http.HttpServlet.service(HttpServlet.java:728)
	at org.eclipse.birt.report.servlet.BirtSoapMessageDispatcherServlet.service(BirtSoapMessageDispatcherServlet.java:122)
	at org.apache.catalina.core.ApplicationFilterChain.internalDoFilter(ApplicationFilterChain.java:303)
	at org.apache.catalina.core.ApplicationFilterChain.doFilter(ApplicationFilterChain.java:208)
	at org.eclipse.birt.report.filter.ViewerFilter.doFilter(ViewerFilter.java:68)
	at org.apache.catalina.core.ApplicationFilterChain.internalDoFilter(ApplicationFilterChain.java:241)
	at org.apache.catalina.core.ApplicationFilterChain.doFilter(ApplicationFilterChain.java:208)
	at org.apache.tomcat.websocket.server.WsFilter.doFilter(WsFilter.java:52)
	at org.apache.catalina.core.ApplicationFilterChain.internalDoFilter(ApplicationFilterChain.java:241)
	at org.apache.catalina.core.ApplicationFilterChain.doFilter(ApplicationFilterChain.java:208)
	at org.apache.catalina.core.StandardWrapperValve.invoke(StandardWrapperValve.java:219)
	at org.apache.catalina.core.StandardContextValve.invoke(StandardContextValve.java:110)
	at org.apache.catalina.authenticator.AuthenticatorBase.invoke(AuthenticatorBase.java:492)
	at org.apache.catalina.core.StandardHostValve.invoke(StandardHostValve.java:165)
	at org.apache.catalina.valves.ErrorReportValve.invoke(ErrorReportValve.java:104)
	at org.apache.catalina.valves.AccessLogValve.invoke(AccessLogValve.java:1025)
	at org.apache.catalina.core.StandardEngineValve.invoke(StandardEngineValve.java:116)
	at org.apache.catalina.connector.CoyoteAdapter.service(CoyoteAdapter.java:452)
	at org.apache.coyote.http11.AbstractHttp11Processor.process(AbstractHttp11Processor.java:1201)
	at org.apache.coyote.AbstractProtocol$AbstractConnectionHandler.process(AbstractProtocol.java:654)
	at org.apache.tomcat.util.net.JIoEndpoint$SocketProcessor.run(JIoEndpoint.java:319)
	at java.util.concurrent.ThreadPoolExecutor.runWorker(ThreadPoolExecutor.java:1149)
	at java.util.concurrent.ThreadPoolExecutor$Worker.run(ThreadPoolExecutor.java:624)
	at org.apache.tomcat.util.threads.TaskThread$WrappingRunnable.run(TaskThread.java:61)
	at java.lang.Thread.run(Thread.java:748)
