!SESSION 2020-08-04 15:09:35.789 -----------------------------------------------
eclipse.buildId=unknown
java.version=1.8.0_252
java.vendor=Private Build
BootLoader constants: OS=linux, ARCH=x86_64, WS=gtk, NL=en

!ENTRY org.eclipse.osgi 0 0 2020-08-04 15:09:35.789
!MESSAGE The -clean (osgi.clean) option was not successful. Unable to clean the storage area: /opt/tomcat/webapps/birt-viewer/WEB-INF/platform/configuration/org.eclipse.osgi

!ENTRY org.eclipse.osgi 4 0 2020-08-04 15:09:35.796
!MESSAGE Error reading configuration: /opt/tomcat/webapps/birt-viewer/WEB-INF/platform/configuration/org.eclipse.osgi/.manager/.fileTableLock (Permission denied)
!STACK 0
java.io.FileNotFoundException: /opt/tomcat/webapps/birt-viewer/WEB-INF/platform/configuration/org.eclipse.osgi/.manager/.fileTableLock (Permission denied)
	at java.io.RandomAccessFile.open0(Native Method)
	at java.io.RandomAccessFile.open(RandomAccessFile.java:316)
	at java.io.RandomAccessFile.<init>(RandomAccessFile.java:243)
	at org.eclipse.core.runtime.internal.adaptor.Locker_JavaNio.lock(Locker_JavaNio.java:33)
	at org.eclipse.osgi.storagemanager.StorageManager.lock(StorageManager.java:387)
	at org.eclipse.osgi.storagemanager.StorageManager.open(StorageManager.java:688)
	at org.eclipse.osgi.internal.baseadaptor.BaseStorage.initFileManager(BaseStorage.java:213)
	at org.eclipse.osgi.internal.baseadaptor.BaseStorage.initialize(BaseStorage.java:147)
	at org.eclipse.osgi.baseadaptor.BaseAdaptor.initializeStorage(BaseAdaptor.java:114)
	at org.eclipse.osgi.framework.internal.core.Framework.initialize(Framework.java:185)
	at org.eclipse.osgi.framework.internal.core.Framework.<init>(Framework.java:157)
	at org.eclipse.core.runtime.adaptor.EclipseStarter.startup(EclipseStarter.java:286)
	at sun.reflect.NativeMethodAccessorImpl.invoke0(Native Method)
	at sun.reflect.NativeMethodAccessorImpl.invoke(NativeMethodAccessorImpl.java:62)
	at sun.reflect.DelegatingMethodAccessorImpl.invoke(DelegatingMethodAccessorImpl.java:43)
	at java.lang.reflect.Method.invoke(Method.java:498)
	at org.eclipse.birt.core.framework.osgi.OSGILauncher.doStartup(OSGILauncher.java:191)
	at org.eclipse.birt.core.framework.osgi.OSGILauncher.access$0(OSGILauncher.java:94)
	at org.eclipse.birt.core.framework.osgi.OSGILauncher$1.run(OSGILauncher.java:79)
	at java.security.AccessController.doPrivileged(Native Method)
	at org.eclipse.birt.core.framework.osgi.OSGILauncher.startup(OSGILauncher.java:75)
	at org.eclipse.birt.core.framework.Platform.startup(Platform.java:79)
	at org.eclipse.birt.report.service.ReportEngineService.setEngineContext(ReportEngineService.java:320)
	at org.eclipse.birt.report.service.BirtViewerReportService.setContext(BirtViewerReportService.java:1022)
	at org.eclipse.birt.report.listener.ViewerServletContextListener.contextInitialized(ViewerServletContextListener.java:62)
	at org.apache.catalina.core.StandardContext.listenerStart(StandardContext.java:5128)
	at org.apache.catalina.core.StandardContext.startInternal(StandardContext.java:5653)
	at org.apache.catalina.util.LifecycleBase.start(LifecycleBase.java:183)
	at org.apache.catalina.core.ContainerBase.addChildInternal(ContainerBase.java:1007)
	at org.apache.catalina.core.ContainerBase.addChild(ContainerBase.java:983)
	at org.apache.catalina.core.StandardHost.addChild(StandardHost.java:639)
	at org.apache.catalina.startup.HostConfig.deployDirectory(HostConfig.java:1296)
	at org.apache.catalina.startup.HostConfig$DeployDirectory.run(HostConfig.java:2037)
	at java.util.concurrent.Executors$RunnableAdapter.call(Executors.java:511)
	at java.util.concurrent.FutureTask.run(FutureTask.java:266)
	at java.util.concurrent.ThreadPoolExecutor.runWorker(ThreadPoolExecutor.java:1149)
	at java.util.concurrent.ThreadPoolExecutor$Worker.run(ThreadPoolExecutor.java:624)
	at java.lang.Thread.run(Thread.java:748)
